[2025-02-28 00:19:47] development.ERROR: Error: Call to a member function isNotEmpty() on array in C:\Users\Akshay ffb\Desktop\Freelance\restaurant\storage\framework\views\733f9d2e512cdaf273ac378b4469dcd3.php:57
Stack trace:
#0 C:\Users\Akshay ffb\Desktop\Freelance\restaurant\vendor\tastyigniter\flame\src\Pagic\Template.php(121): include()
#1 C:\Users\Akshay ffb\Desktop\Freelance\restaurant\vendor\tastyigniter\flame\src\Pagic\Template.php(85): Igniter\Flame\Pagic\Template->evaluatePath('C:\\Users\\Akshay...', Array)
#2 C:\Users\Akshay ffb\Desktop\Freelance\restaurant\vendor\tastyigniter\flame\src\Pagic\Template.php(66): Igniter\Flame\Pagic\Template->getContents(Array)
#3 C:\Users\Akshay ffb\Desktop\Freelance\restaurant\app\main\classes\MainController.php(628): Igniter\Flame\Pagic\Template->render(Array)
#4 C:\Users\Akshay ffb\Desktop\Freelance\restaurant\storage\framework\views\fa8b5b07e922c0bf53f8ef2a5656b6c7.php(12): Main\Classes\MainController->renderPartial('layout/header', Array)
#5 C:\Users\Akshay ffb\Desktop\Freelance\restaurant\vendor\tastyigniter\flame\src\Pagic\Template.php(121): include('C:\\Users\\Akshay...')
#6 C:\Users\Akshay ffb\Desktop\Freelance\restaurant\vendor\tastyigniter\flame\src\Pagic\Template.php(85): Igniter\Flame\Pagic\Template->evaluatePath('C:\\Users\\Akshay...', Array)
#7 C:\Users\Akshay ffb\Desktop\Freelance\restaurant\vendor\tastyigniter\flame\src\Pagic\Template.php(66): Igniter\Flame\Pagic\Template->getContents(Array)
#8 C:\Users\Akshay ffb\Desktop\Freelance\restaurant\app\main\classes\MainController.php(283): Igniter\Flame\Pagic\Template->render(Array)
#9 C:\Users\Akshay ffb\Desktop\Freelance\restaurant\app\main\classes\MainController.php(201): Main\Classes\MainController->runPage(Object(Main\Template\Page))
#10 C:\Users\Akshay ffb\Desktop\Freelance\restaurant\app\system\classes\Controller.php(97): Main\Classes\MainController->remap('/')
#11 C:\Users\Akshay ffb\Desktop\Freelance\restaurant\vendor\laravel\framework\src\Illuminate\Routing\Controller.php(54): System\Classes\Controller->run('/')
#12 C:\Users\Akshay ffb\Desktop\Freelance\restaurant\vendor\laravel\framework\src\Illuminate\Routing\ControllerDispatcher.php(45): Illuminate\Routing\Controller->callAction('run', Array)
#13 C:\Users\Akshay ffb\Desktop\Freelance\restaurant\vendor\laravel\framework\src\Illuminate\Routing\Route.php(261): Illuminate\Routing\ControllerDispatcher->dispatch(Object(Illuminate\Routing\Route), Object(System\Classes\Controller), 'run')
#14 C:\Users\Akshay ffb\Desktop\Freelance\restaurant\vendor\laravel\framework\src\Illuminate\Routing\Route.php(205): Illuminate\Routing\Route->runController()
#15 C:\Users\Akshay ffb\Desktop\Freelance\restaurant\vendor\laravel\framework\src\Illuminate\Routing\Router.php(721): Illuminate\Routing\Route->run()
#16 C:\Users\Akshay ffb\Desktop\Freelance\restaurant\vendor\laravel\framework\src\Illuminate\Pipeline\Pipeline.php(128): Illuminate\Routing\Router->Illuminate\Routing\{closure}(Object(Illuminate\Http\Request))
#17 C:\Users\Akshay ffb\Desktop\Freelance\restaurant\extensions\igniter\user\middleware\ThrottleRequests.php(20): Illuminate\Pipeline\Pipeline->Illuminate\Pipeline\{closure}(Object(Illuminate\Http\Request))
#18 C:\Users\Akshay ffb\Desktop\Freelance\restaurant\vendor\laravel\framework\src\Illuminate\Pipeline\Pipeline.php(167): Igniter\User\Middleware\ThrottleRequests->handle(Object(Illuminate\Http\Request), Object(Closure))
#19 C:\Users\Akshay ffb\Desktop\Freelance\restaurant\vendor\tastyigniter\flame\src\Translation\Middleware\Localization.php(27): Illuminate\Pipeline\Pipeline->Illuminate\Pipeline\{closure}(Object(Illuminate\Http\Request))
#20 C:\Users\Akshay ffb\Desktop\Freelance\restaurant\vendor\laravel\framework\src\Illuminate\Pipeline\Pipeline.php(167): Igniter\Flame\Translation\Middleware\Localization->handle(Object(Illuminate\Http\Request), Object(Closure))
#21 C:\Users\Akshay ffb\Desktop\Freelance\restaurant\vendor\laravel\framework\src\Illuminate\Routing\Middleware\SubstituteBindings.php(50): Illuminate\Pipeline\Pipeline->Illuminate\Pipeline\{closure}(Object(Illuminate\Http\Request))
#22 C:\Users\Akshay ffb\Desktop\Freelance\restaurant\vendor\laravel\framework\src\Illuminate\Pipeline\Pipeline.php(167): Illuminate\Routing\Middleware\SubstituteBindings->handle(Object(Illuminate\Http\Request), Object(Closure))
#23 C:\Users\Akshay ffb\Desktop\Freelance\restaurant\vendor\laravel\framework\src\Illuminate\View\Middleware\ShareErrorsFromSession.php(49): Illuminate\Pipeline\Pipeline->Illuminate\Pipeline\{closure}(Object(Illuminate\Http\Request))
#24 C:\Users\Akshay ffb\Desktop\Freelance\restaurant\vendor\laravel\framework\src\Illuminate\Pipeline\Pipeline.php(167): Illuminate\View\Middleware\ShareErrorsFromSession->handle(Object(Illuminate\Http\Request), Object(Closure))
#25 C:\Users\Akshay ffb\Desktop\Freelance\restaurant\vendor\laravel\framework\src\Illuminate\Session\Middleware\StartSession.php(121): Illuminate\Pipeline\Pipeline->Illuminate\Pipeline\{closure}(Object(Illuminate\Http\Request))
#26 C:\Users\Akshay ffb\Desktop\Freelance\restaurant\vendor\laravel\framework\src\Illuminate\Session\Middleware\StartSession.php(64): Illuminate\Session\Middleware\StartSession->handleStatefulRequest(Object(Illuminate\Http\Request), Object(Illuminate\Session\Store), Object(Closure))
#27 C:\Users\Akshay ffb\Desktop\Freelance\restaurant\vendor\laravel\framework\src\Illuminate\Pipeline\Pipeline.php(167): Illuminate\Session\Middleware\StartSession->handle(Object(Illuminate\Http\Request), Object(Closure))
#28 C:\Users\Akshay ffb\Desktop\Freelance\restaurant\vendor\laravel\framework\src\Illuminate\Cookie\Middleware\AddQueuedCookiesToResponse.php(37): Illuminate\Pipeline\Pipeline->Illuminate\Pipeline\{closure}(Object(Illuminate\Http\Request))
#29 C:\Users\Akshay ffb\Desktop\Freelance\restaurant\vendor\laravel\framework\src\Illuminate\Pipeline\Pipeline.php(167): Illuminate\Cookie\Middleware\AddQueuedCookiesToResponse->handle(Object(Illuminate\Http\Request), Object(Closure))
#30 C:\Users\Akshay ffb\Desktop\Freelance\restaurant\vendor\laravel\framework\src\Illuminate\Cookie\Middleware\EncryptCookies.php(67): Illuminate\Pipeline\Pipeline->Illuminate\Pipeline\{closure}(Object(Illuminate\Http\Request))
#31 C:\Users\Akshay ffb\Desktop\Freelance\restaurant\vendor\laravel\framework\src\Illuminate\Pipeline\Pipeline.php(167): Illuminate\Cookie\Middleware\EncryptCookies->handle(Object(Illuminate\Http\Request), Object(Closure))
#32 C:\Users\Akshay ffb\Desktop\Freelance\restaurant\vendor\laravel\framework\src\Illuminate\Pipeline\Pipeline.php(103): Illuminate\Pipeline\Pipeline->Illuminate\Pipeline\{closure}(Object(Illuminate\Http\Request))
#33 C:\Users\Akshay ffb\Desktop\Freelance\restaurant\vendor\laravel\framework\src\Illuminate\Routing\Router.php(719): Illuminate\Pipeline\Pipeline->then(Object(Closure))
#34 C:\Users\Akshay ffb\Desktop\Freelance\restaurant\vendor\laravel\framework\src\Illuminate\Routing\Router.php(698): Illuminate\Routing\Router->runRouteWithinStack(Object(Illuminate\Routing\Route), Object(Illuminate\Http\Request))
#35 C:\Users\Akshay ffb\Desktop\Freelance\restaurant\vendor\laravel\framework\src\Illuminate\Routing\Router.php(662): Illuminate\Routing\Router->runRoute(Object(Illuminate\Http\Request), Object(Illuminate\Routing\Route))
#36 C:\Users\Akshay ffb\Desktop\Freelance\restaurant\vendor\tastyigniter\flame\src\Router\CoreRouter.php(22): Illuminate\Routing\Router->dispatchToRoute(Object(Illuminate\Http\Request))
#37 C:\Users\Akshay ffb\Desktop\Freelance\restaurant\vendor\laravel\framework\src\Illuminate\Foundation\Http\Kernel.php(167): Igniter\Flame\Router\CoreRouter->dispatch(Object(Illuminate\Http\Request))
#38 C:\Users\Akshay ffb\Desktop\Freelance\restaurant\vendor\laravel\framework\src\Illuminate\Pipeline\Pipeline.php(128): Illuminate\Foundation\Http\Kernel->Illuminate\Foundation\Http\{closure}(Object(Illuminate\Http\Request))
#39 C:\Users\Akshay ffb\Desktop\Freelance\restaurant\vendor\tastyigniter\flame\src\Setting\Middleware\SaveSetting.php(27): Illuminate\Pipeline\Pipeline->Illuminate\Pipeline\{closure}(Object(Illuminate\Http\Request))
#40 C:\Users\Akshay ffb\Desktop\Freelance\restaurant\vendor\laravel\framework\src\Illuminate\Pipeline\Pipeline.php(167): Igniter\Flame\Setting\Middleware\SaveSetting->handle(Object(Illuminate\Http\Request), Object(Closure))
#41 C:\Users\Akshay ffb\Desktop\Freelance\restaurant\vendor\laravel\framework\src\Illuminate\Foundation\Http\Middleware\TransformsRequest.php(21): Illuminate\Pipeline\Pipeline->Illuminate\Pipeline\{closure}(Object(Illuminate\Http\Request))
#42 C:\Users\Akshay ffb\Desktop\Freelance\restaurant\vendor\laravel\framework\src\Illuminate\Foundation\Http\Middleware\TrimStrings.php(40): Illuminate\Foundation\Http\Middleware\TransformsRequest->handle(Object(Illuminate\Http\Request), Object(Closure))
#43 C:\Users\Akshay ffb\Desktop\Freelance\restaurant\vendor\laravel\framework\src\Illuminate\Pipeline\Pipeline.php(167): Illuminate\Foundation\Http\Middleware\TrimStrings->handle(Object(Illuminate\Http\Request), Object(Closure))
#44 C:\Users\Akshay ffb\Desktop\Freelance\restaurant\vendor\laravel\framework\src\Illuminate\Foundation\Http\Middleware\ValidatePostSize.php(27): Illuminate\Pipeline\Pipeline->Illuminate\Pipeline\{closure}(Object(Illuminate\Http\Request))
#45 C:\Users\Akshay ffb\Desktop\Freelance\restaurant\vendor\laravel\framework\src\Illuminate\Pipeline\Pipeline.php(167): Illuminate\Foundation\Http\Middleware\ValidatePostSize->handle(Object(Illuminate\Http\Request), Object(Closure))
#46 C:\Users\Akshay ffb\Desktop\Freelance\restaurant\vendor\laravel\framework\src\Illuminate\Foundation\Http\Middleware\PreventRequestsDuringMaintenance.php(86): Illuminate\Pipeline\Pipeline->Illuminate\Pipeline\{closure}(Object(Illuminate\Http\Request))
#47 C:\Users\Akshay ffb\Desktop\Freelance\restaurant\vendor\laravel\framework\src\Illuminate\Pipeline\Pipeline.php(167): Illuminate\Foundation\Http\Middleware\PreventRequestsDuringMaintenance->handle(Object(Illuminate\Http\Request), Object(Closure))
#48 C:\Users\Akshay ffb\Desktop\Freelance\restaurant\vendor\fruitcake\laravel-cors\src\HandleCors.php(38): Illuminate\Pipeline\Pipeline->Illuminate\Pipeline\{closure}(Object(Illuminate\Http\Request))
#49 C:\Users\Akshay ffb\Desktop\Freelance\restaurant\vendor\laravel\framework\src\Illuminate\Pipeline\Pipeline.php(167): Fruitcake\Cors\HandleCors->handle(Object(Illuminate\Http\Request), Object(Closure))
#50 C:\Users\Akshay ffb\Desktop\Freelance\restaurant\vendor\fideloper\proxy\src\TrustProxies.php(57): Illuminate\Pipeline\Pipeline->Illuminate\Pipeline\{closure}(Object(Illuminate\Http\Request))
#51 C:\Users\Akshay ffb\Desktop\Freelance\restaurant\vendor\laravel\framework\src\Illuminate\Pipeline\Pipeline.php(167): Fideloper\Proxy\TrustProxies->handle(Object(Illuminate\Http\Request), Object(Closure))
#52 C:\Users\Akshay ffb\Desktop\Freelance\restaurant\vendor\laravel\framework\src\Illuminate\Pipeline\Pipeline.php(103): Illuminate\Pipeline\Pipeline->Illuminate\Pipeline\{closure}(Object(Illuminate\Http\Request))
#53 C:\Users\Akshay ffb\Desktop\Freelance\restaurant\vendor\laravel\framework\src\Illuminate\Foundation\Http\Kernel.php(142): Illuminate\Pipeline\Pipeline->then(Object(Closure))
#54 C:\Users\Akshay ffb\Desktop\Freelance\restaurant\vendor\laravel\framework\src\Illuminate\Foundation\Http\Kernel.php(111): Illuminate\Foundation\Http\Kernel->sendRequestThroughRouter(Object(Illuminate\Http\Request))
#55 C:\Users\Akshay ffb\Desktop\Freelance\restaurant\index.php(52): Illuminate\Foundation\Http\Kernel->handle(Object(Illuminate\Http\Request))
#56 C:\Users\Akshay ffb\Desktop\Freelance\restaurant\server.php(21): require_once('C:\\Users\\Akshay...')
#57 {main}

Next ErrorException: Call to a member function isNotEmpty() on array (View: C:\Users\Akshay ffb\Desktop\Freelance\restaurant\themes\demo\_partials\layout\header.blade.php) in C:\Users\Akshay ffb\Desktop\Freelance\restaurant\storage\framework\views\733f9d2e512cdaf273ac378b4469dcd3.php:57
Stack trace:
#0 C:\Users\Akshay ffb\Desktop\Freelance\restaurant\vendor\tastyigniter\flame\src\Pagic\Template.php(124): Igniter\Flame\Pagic\Template->handleException(Object(Error), 2)
#1 C:\Users\Akshay ffb\Desktop\Freelance\restaurant\vendor\tastyigniter\flame\src\Pagic\Template.php(85): Igniter\Flame\Pagic\Template->evaluatePath('C:\\Users\\Akshay...', Array)
#2 C:\Users\Akshay ffb\Desktop\Freelance\restaurant\vendor\tastyigniter\flame\src\Pagic\Template.php(66): Igniter\Flame\Pagic\Template->getContents(Array)
#3 C:\Users\Akshay ffb\Desktop\Freelance\restaurant\app\main\classes\MainController.php(628): Igniter\Flame\Pagic\Template->render(Array)
#4 C:\Users\Akshay ffb\Desktop\Freelance\restaurant\storage\framework\views\fa8b5b07e922c0bf53f8ef2a5656b6c7.php(12): Main\Classes\MainController->renderPartial('layout/header', Array)
#5 C:\Users\Akshay ffb\Desktop\Freelance\restaurant\vendor\tastyigniter\flame\src\Pagic\Template.php(121): include('C:\\Users\\Akshay...')
#6 C:\Users\Akshay ffb\Desktop\Freelance\restaurant\vendor\tastyigniter\flame\src\Pagic\Template.php(85): Igniter\Flame\Pagic\Template->evaluatePath('C:\\Users\\Akshay...', Array)
#7 C:\Users\Akshay ffb\Desktop\Freelance\restaurant\vendor\tastyigniter\flame\src\Pagic\Template.php(66): Igniter\Flame\Pagic\Template->getContents(Array)
#8 C:\Users\Akshay ffb\Desktop\Freelance\restaurant\app\main\classes\MainController.php(283): Igniter\Flame\Pagic\Template->render(Array)
#9 C:\Users\Akshay ffb\Desktop\Freelance\restaurant\app\main\classes\MainController.php(201): Main\Classes\MainController->runPage(Object(Main\Template\Page))
#10 C:\Users\Akshay ffb\Desktop\Freelance\restaurant\app\system\classes\Controller.php(97): Main\Classes\MainController->remap('/')
#11 C:\Users\Akshay ffb\Desktop\Freelance\restaurant\vendor\laravel\framework\src\Illuminate\Routing\Controller.php(54): System\Classes\Controller->run('/')
#12 C:\Users\Akshay ffb\Desktop\Freelance\restaurant\vendor\laravel\framework\src\Illuminate\Routing\ControllerDispatcher.php(45): Illuminate\Routing\Controller->callAction('run', Array)
#13 C:\Users\Akshay ffb\Desktop\Freelance\restaurant\vendor\laravel\framework\src\Illuminate\Routing\Route.php(261): Illuminate\Routing\ControllerDispatcher->dispatch(Object(Illuminate\Routing\Route), Object(System\Classes\Controller), 'run')
#14 C:\Users\Akshay ffb\Desktop\Freelance\restaurant\vendor\laravel\framework\src\Illuminate\Routing\Route.php(205): Illuminate\Routing\Route->runController()
#15 C:\Users\Akshay ffb\Desktop\Freelance\restaurant\vendor\laravel\framework\src\Illuminate\Routing\Router.php(721): Illuminate\Routing\Route->run()
#16 C:\Users\Akshay ffb\Desktop\Freelance\restaurant\vendor\laravel\framework\src\Illuminate\Pipeline\Pipeline.php(128): Illuminate\Routing\Router->Illuminate\Routing\{closure}(Object(Illuminate\Http\Request))
#17 C:\Users\Akshay ffb\Desktop\Freelance\restaurant\extensions\igniter\user\middleware\ThrottleRequests.php(20): Illuminate\Pipeline\Pipeline->Illuminate\Pipeline\{closure}(Object(Illuminate\Http\Request))
#18 C:\Users\Akshay ffb\Desktop\Freelance\restaurant\vendor\laravel\framework\src\Illuminate\Pipeline\Pipeline.php(167): Igniter\User\Middleware\ThrottleRequests->handle(Object(Illuminate\Http\Request), Object(Closure))
#19 C:\Users\Akshay ffb\Desktop\Freelance\restaurant\vendor\tastyigniter\flame\src\Translation\Middleware\Localization.php(27): Illuminate\Pipeline\Pipeline->Illuminate\Pipeline\{closure}(Object(Illuminate\Http\Request))
#20 C:\Users\Akshay ffb\Desktop\Freelance\restaurant\vendor\laravel\framework\src\Illuminate\Pipeline\Pipeline.php(167): Igniter\Flame\Translation\Middleware\Localization->handle(Object(Illuminate\Http\Request), Object(Closure))
#21 C:\Users\Akshay ffb\Desktop\Freelance\restaurant\vendor\laravel\framework\src\Illuminate\Routing\Middleware\SubstituteBindings.php(50): Illuminate\Pipeline\Pipeline->Illuminate\Pipeline\{closure}(Object(Illuminate\Http\Request))
#22 C:\Users\Akshay ffb\Desktop\Freelance\restaurant\vendor\laravel\framework\src\Illuminate\Pipeline\Pipeline.php(167): Illuminate\Routing\Middleware\SubstituteBindings->handle(Object(Illuminate\Http\Request), Object(Closure))
#23 C:\Users\Akshay ffb\Desktop\Freelance\restaurant\vendor\laravel\framework\src\Illuminate\View\Middleware\ShareErrorsFromSession.php(49): Illuminate\Pipeline\Pipeline->Illuminate\Pipeline\{closure}(Object(Illuminate\Http\Request))
#24 C:\Users\Akshay ffb\Desktop\Freelance\restaurant\vendor\laravel\framework\src\Illuminate\Pipeline\Pipeline.php(167): Illuminate\View\Middleware\ShareErrorsFromSession->handle(Object(Illuminate\Http\Request), Object(Closure))
#25 C:\Users\Akshay ffb\Desktop\Freelance\restaurant\vendor\laravel\framework\src\Illuminate\Session\Middleware\StartSession.php(121): Illuminate\Pipeline\Pipeline->Illuminate\Pipeline\{closure}(Object(Illuminate\Http\Request))
#26 C:\Users\Akshay ffb\Desktop\Freelance\restaurant\vendor\laravel\framework\src\Illuminate\Session\Middleware\StartSession.php(64): Illuminate\Session\Middleware\StartSession->handleStatefulRequest(Object(Illuminate\Http\Request), Object(Illuminate\Session\Store), Object(Closure))
#27 C:\Users\Akshay ffb\Desktop\Freelance\restaurant\vendor\laravel\framework\src\Illuminate\Pipeline\Pipeline.php(167): Illuminate\Session\Middleware\StartSession->handle(Object(Illuminate\Http\Request), Object(Closure))
#28 C:\Users\Akshay ffb\Desktop\Freelance\restaurant\vendor\laravel\framework\src\Illuminate\Cookie\Middleware\AddQueuedCookiesToResponse.php(37): Illuminate\Pipeline\Pipeline->Illuminate\Pipeline\{closure}(Object(Illuminate\Http\Request))
#29 C:\Users\Akshay ffb\Desktop\Freelance\restaurant\vendor\laravel\framework\src\Illuminate\Pipeline\Pipeline.php(167): Illuminate\Cookie\Middleware\AddQueuedCookiesToResponse->handle(Object(Illuminate\Http\Request), Object(Closure))
#30 C:\Users\Akshay ffb\Desktop\Freelance\restaurant\vendor\laravel\framework\src\Illuminate\Cookie\Middleware\EncryptCookies.php(67): Illuminate\Pipeline\Pipeline->Illuminate\Pipeline\{closure}(Object(Illuminate\Http\Request))
#31 C:\Users\Akshay ffb\Desktop\Freelance\restaurant\vendor\laravel\framework\src\Illuminate\Pipeline\Pipeline.php(167): Illuminate\Cookie\Middleware\EncryptCookies->handle(Object(Illuminate\Http\Request), Object(Closure))
#32 C:\Users\Akshay ffb\Desktop\Freelance\restaurant\vendor\laravel\framework\src\Illuminate\Pipeline\Pipeline.php(103): Illuminate\Pipeline\Pipeline->Illuminate\Pipeline\{closure}(Object(Illuminate\Http\Request))
#33 C:\Users\Akshay ffb\Desktop\Freelance\restaurant\vendor\laravel\framework\src\Illuminate\Routing\Router.php(719): Illuminate\Pipeline\Pipeline->then(Object(Closure))
#34 C:\Users\Akshay ffb\Desktop\Freelance\restaurant\vendor\laravel\framework\src\Illuminate\Routing\Router.php(698): Illuminate\Routing\Router->runRouteWithinStack(Object(Illuminate\Routing\Route), Object(Illuminate\Http\Request))
#35 C:\Users\Akshay ffb\Desktop\Freelance\restaurant\vendor\laravel\framework\src\Illuminate\Routing\Router.php(662): Illuminate\Routing\Router->runRoute(Object(Illuminate\Http\Request), Object(Illuminate\Routing\Route))
#36 C:\Users\Akshay ffb\Desktop\Freelance\restaurant\vendor\tastyigniter\flame\src\Router\CoreRouter.php(22): Illuminate\Routing\Router->dispatchToRoute(Object(Illuminate\Http\Request))
#37 C:\Users\Akshay ffb\Desktop\Freelance\restaurant\vendor\laravel\framework\src\Illuminate\Foundation\Http\Kernel.php(167): Igniter\Flame\Router\CoreRouter->dispatch(Object(Illuminate\Http\Request))
#38 C:\Users\Akshay ffb\Desktop\Freelance\restaurant\vendor\laravel\framework\src\Illuminate\Pipeline\Pipeline.php(128): Illuminate\Foundation\Http\Kernel->Illuminate\Foundation\Http\{closure}(Object(Illuminate\Http\Request))
#39 C:\Users\Akshay ffb\Desktop\Freelance\restaurant\vendor\tastyigniter\flame\src\Setting\Middleware\SaveSetting.php(27): Illuminate\Pipeline\Pipeline->Illuminate\Pipeline\{closure}(Object(Illuminate\Http\Request))
#40 C:\Users\Akshay ffb\Desktop\Freelance\restaurant\vendor\laravel\framework\src\Illuminate\Pipeline\Pipeline.php(167): Igniter\Flame\Setting\Middleware\SaveSetting->handle(Object(Illuminate\Http\Request), Object(Closure))
#41 C:\Users\Akshay ffb\Desktop\Freelance\restaurant\vendor\laravel\framework\src\Illuminate\Foundation\Http\Middleware\TransformsRequest.php(21): Illuminate\Pipeline\Pipeline->Illuminate\Pipeline\{closure}(Object(Illuminate\Http\Request))
#42 C:\Users\Akshay ffb\Desktop\Freelance\restaurant\vendor\laravel\framework\src\Illuminate\Foundation\Http\Middleware\TrimStrings.php(40): Illuminate\Foundation\Http\Middleware\TransformsRequest->handle(Object(Illuminate\Http\Request), Object(Closure))
#43 C:\Users\Akshay ffb\Desktop\Freelance\restaurant\vendor\laravel\framework\src\Illuminate\Pipeline\Pipeline.php(167): Illuminate\Foundation\Http\Middleware\TrimStrings->handle(Object(Illuminate\Http\Request), Object(Closure))
#44 C:\Users\Akshay ffb\Desktop\Freelance\restaurant\vendor\laravel\framework\src\Illuminate\Foundation\Http\Middleware\ValidatePostSize.php(27): Illuminate\Pipeline\Pipeline->Illuminate\Pipeline\{closure}(Object(Illuminate\Http\Request))
#45 C:\Users\Akshay ffb\Desktop\Freelance\restaurant\vendor\laravel\framework\src\Illuminate\Pipeline\Pipeline.php(167): Illuminate\Foundation\Http\Middleware\ValidatePostSize->handle(Object(Illuminate\Http\Request), Object(Closure))
#46 C:\Users\Akshay ffb\Desktop\Freelance\restaurant\vendor\laravel\framework\src\Illuminate\Foundation\Http\Middleware\PreventRequestsDuringMaintenance.php(86): Illuminate\Pipeline\Pipeline->Illuminate\Pipeline\{closure}(Object(Illuminate\Http\Request))
#47 C:\Users\Akshay ffb\Desktop\Freelance\restaurant\vendor\laravel\framework\src\Illuminate\Pipeline\Pipeline.php(167): Illuminate\Foundation\Http\Middleware\PreventRequestsDuringMaintenance->handle(Object(Illuminate\Http\Request), Object(Closure))
#48 C:\Users\Akshay ffb\Desktop\Freelance\restaurant\vendor\fruitcake\laravel-cors\src\HandleCors.php(38): Illuminate\Pipeline\Pipeline->Illuminate\Pipeline\{closure}(Object(Illuminate\Http\Request))
#49 C:\Users\Akshay ffb\Desktop\Freelance\restaurant\vendor\laravel\framework\src\Illuminate\Pipeline\Pipeline.php(167): Fruitcake\Cors\HandleCors->handle(Object(Illuminate\Http\Request), Object(Closure))
#50 C:\Users\Akshay ffb\Desktop\Freelance\restaurant\vendor\fideloper\proxy\src\TrustProxies.php(57): Illuminate\Pipeline\Pipeline->Illuminate\Pipeline\{closure}(Object(Illuminate\Http\Request))
#51 C:\Users\Akshay ffb\Desktop\Freelance\restaurant\vendor\laravel\framework\src\Illuminate\Pipeline\Pipeline.php(167): Fideloper\Proxy\TrustProxies->handle(Object(Illuminate\Http\Request), Object(Closure))
#52 C:\Users\Akshay ffb\Desktop\Freelance\restaurant\vendor\laravel\framework\src\Illuminate\Pipeline\Pipeline.php(103): Illuminate\Pipeline\Pipeline->Illuminate\Pipeline\{closure}(Object(Illuminate\Http\Request))
#53 C:\Users\Akshay ffb\Desktop\Freelance\restaurant\vendor\laravel\framework\src\Illuminate\Foundation\Http\Kernel.php(142): Illuminate\Pipeline\Pipeline->then(Object(Closure))
#54 C:\Users\Akshay ffb\Desktop\Freelance\restaurant\vendor\laravel\framework\src\Illuminate\Foundation\Http\Kernel.php(111): Illuminate\Foundation\Http\Kernel->sendRequestThroughRouter(Object(Illuminate\Http\Request))
#55 C:\Users\Akshay ffb\Desktop\Freelance\restaurant\index.php(52): Illuminate\Foundation\Http\Kernel->handle(Object(Illuminate\Http\Request))
#56 C:\Users\Akshay ffb\Desktop\Freelance\restaurant\server.php(21): require_once('C:\\Users\\Akshay...')
#57 {main}

Next ErrorException: Call to a member function isNotEmpty() on array (View: C:\Users\Akshay ffb\Desktop\Freelance\restaurant\themes\demo\_partials\layout\header.blade.php) (View: C:\Users\Akshay ffb\Desktop\Freelance\restaurant\themes\demo\_layouts\default.blade.php) in C:\Users\Akshay ffb\Desktop\Freelance\restaurant\storage\framework\views\733f9d2e512cdaf273ac378b4469dcd3.php:57
Stack trace:
#0 C:\Users\Akshay ffb\Desktop\Freelance\restaurant\vendor\tastyigniter\flame\src\Pagic\Template.php(124): Igniter\Flame\Pagic\Template->handleException(Object(ErrorException), 1)
#1 C:\Users\Akshay ffb\Desktop\Freelance\restaurant\vendor\tastyigniter\flame\src\Pagic\Template.php(85): Igniter\Flame\Pagic\Template->evaluatePath('C:\\Users\\Akshay...', Array)
#2 C:\Users\Akshay ffb\Desktop\Freelance\restaurant\vendor\tastyigniter\flame\src\Pagic\Template.php(66): Igniter\Flame\Pagic\Template->getContents(Array)
#3 C:\Users\Akshay ffb\Desktop\Freelance\restaurant\app\main\classes\MainController.php(283): Igniter\Flame\Pagic\Template->render(Array)
#4 C:\Users\Akshay ffb\Desktop\Freelance\restaurant\app\main\classes\MainController.php(201): Main\Classes\MainController->runPage(Object(Main\Template\Page))
#5 C:\Users\Akshay ffb\Desktop\Freelance\restaurant\app\system\classes\Controller.php(97): Main\Classes\MainController->remap('/')
#6 C:\Users\Akshay ffb\Desktop\Freelance\restaurant\vendor\laravel\framework\src\Illuminate\Routing\Controller.php(54): System\Classes\Controller->run('/')
#7 C:\Users\Akshay ffb\Desktop\Freelance\restaurant\vendor\laravel\framework\src\Illuminate\Routing\ControllerDispatcher.php(45): Illuminate\Routing\Controller->callAction('run', Array)
#8 C:\Users\Akshay ffb\Desktop\Freelance\restaurant\vendor\laravel\framework\src\Illuminate\Routing\Route.php(261): Illuminate\Routing\ControllerDispatcher->dispatch(Object(Illuminate\Routing\Route), Object(System\Classes\Controller), 'run')
#9 C:\Users\Akshay ffb\Desktop\Freelance\restaurant\vendor\laravel\framework\src\Illuminate\Routing\Route.php(205): Illuminate\Routing\Route->runController()
#10 C:\Users\Akshay ffb\Desktop\Freelance\restaurant\vendor\laravel\framework\src\Illuminate\Routing\Router.php(721): Illuminate\Routing\Route->run()
#11 C:\Users\Akshay ffb\Desktop\Freelance\restaurant\vendor\laravel\framework\src\Illuminate\Pipeline\Pipeline.php(128): Illuminate\Routing\Router->Illuminate\Routing\{closure}(Object(Illuminate\Http\Request))
#12 C:\Users\Akshay ffb\Desktop\Freelance\restaurant\extensions\igniter\user\middleware\ThrottleRequests.php(20): Illuminate\Pipeline\Pipeline->Illuminate\Pipeline\{closure}(Object(Illuminate\Http\Request))
#13 C:\Users\Akshay ffb\Desktop\Freelance\restaurant\vendor\laravel\framework\src\Illuminate\Pipeline\Pipeline.php(167): Igniter\User\Middleware\ThrottleRequests->handle(Object(Illuminate\Http\Request), Object(Closure))
#14 C:\Users\Akshay ffb\Desktop\Freelance\restaurant\vendor\tastyigniter\flame\src\Translation\Middleware\Localization.php(27): Illuminate\Pipeline\Pipeline->Illuminate\Pipeline\{closure}(Object(Illuminate\Http\Request))
#15 C:\Users\Akshay ffb\Desktop\Freelance\restaurant\vendor\laravel\framework\src\Illuminate\Pipeline\Pipeline.php(167): Igniter\Flame\Translation\Middleware\Localization->handle(Object(Illuminate\Http\Request), Object(Closure))
#16 C:\Users\Akshay ffb\Desktop\Freelance\restaurant\vendor\laravel\framework\src\Illuminate\Routing\Middleware\SubstituteBindings.php(50): Illuminate\Pipeline\Pipeline->Illuminate\Pipeline\{closure}(Object(Illuminate\Http\Request))
#17 C:\Users\Akshay ffb\Desktop\Freelance\restaurant\vendor\laravel\framework\src\Illuminate\Pipeline\Pipeline.php(167): Illuminate\Routing\Middleware\SubstituteBindings->handle(Object(Illuminate\Http\Request), Object(Closure))
#18 C:\Users\Akshay ffb\Desktop\Freelance\restaurant\vendor\laravel\framework\src\Illuminate\View\Middleware\ShareErrorsFromSession.php(49): Illuminate\Pipeline\Pipeline->Illuminate\Pipeline\{closure}(Object(Illuminate\Http\Request))
#19 C:\Users\Akshay ffb\Desktop\Freelance\restaurant\vendor\laravel\framework\src\Illuminate\Pipeline\Pipeline.php(167): Illuminate\View\Middleware\ShareErrorsFromSession->handle(Object(Illuminate\Http\Request), Object(Closure))
#20 C:\Users\Akshay ffb\Desktop\Freelance\restaurant\vendor\laravel\framework\src\Illuminate\Session\Middleware\StartSession.php(121): Illuminate\Pipeline\Pipeline->Illuminate\Pipeline\{closure}(Object(Illuminate\Http\Request))
#21 C:\Users\Akshay ffb\Desktop\Freelance\restaurant\vendor\laravel\framework\src\Illuminate\Session\Middleware\StartSession.php(64): Illuminate\Session\Middleware\StartSession->handleStatefulRequest(Object(Illuminate\Http\Request), Object(Illuminate\Session\Store), Object(Closure))
#22 C:\Users\Akshay ffb\Desktop\Freelance\restaurant\vendor\laravel\framework\src\Illuminate\Pipeline\Pipeline.php(167): Illuminate\Session\Middleware\StartSession->handle(Object(Illuminate\Http\Request), Object(Closure))
#23 C:\Users\Akshay ffb\Desktop\Freelance\restaurant\vendor\laravel\framework\src\Illuminate\Cookie\Middleware\AddQueuedCookiesToResponse.php(37): Illuminate\Pipeline\Pipeline->Illuminate\Pipeline\{closure}(Object(Illuminate\Http\Request))
#24 C:\Users\Akshay ffb\Desktop\Freelance\restaurant\vendor\laravel\framework\src\Illuminate\Pipeline\Pipeline.php(167): Illuminate\Cookie\Middleware\AddQueuedCookiesToResponse->handle(Object(Illuminate\Http\Request), Object(Closure))
#25 C:\Users\Akshay ffb\Desktop\Freelance\restaurant\vendor\laravel\framework\src\Illuminate\Cookie\Middleware\EncryptCookies.php(67): Illuminate\Pipeline\Pipeline->Illuminate\Pipeline\{closure}(Object(Illuminate\Http\Request))
#26 C:\Users\Akshay ffb\Desktop\Freelance\restaurant\vendor\laravel\framework\src\Illuminate\Pipeline\Pipeline.php(167): Illuminate\Cookie\Middleware\EncryptCookies->handle(Object(Illuminate\Http\Request), Object(Closure))
#27 C:\Users\Akshay ffb\Desktop\Freelance\restaurant\vendor\laravel\framework\src\Illuminate\Pipeline\Pipeline.php(103): Illuminate\Pipeline\Pipeline->Illuminate\Pipeline\{closure}(Object(Illuminate\Http\Request))
#28 C:\Users\Akshay ffb\Desktop\Freelance\restaurant\vendor\laravel\framework\src\Illuminate\Routing\Router.php(719): Illuminate\Pipeline\Pipeline->then(Object(Closure))
#29 C:\Users\Akshay ffb\Desktop\Freelance\restaurant\vendor\laravel\framework\src\Illuminate\Routing\Router.php(698): Illuminate\Routing\Router->runRouteWithinStack(Object(Illuminate\Routing\Route), Object(Illuminate\Http\Request))
#30 C:\Users\Akshay ffb\Desktop\Freelance\restaurant\vendor\laravel\framework\src\Illuminate\Routing\Router.php(662): Illuminate\Routing\Router->runRoute(Object(Illuminate\Http\Request), Object(Illuminate\Routing\Route))
#31 C:\Users\Akshay ffb\Desktop\Freelance\restaurant\vendor\tastyigniter\flame\src\Router\CoreRouter.php(22): Illuminate\Routing\Router->dispatchToRoute(Object(Illuminate\Http\Request))
#32 C:\Users\Akshay ffb\Desktop\Freelance\restaurant\vendor\laravel\framework\src\Illuminate\Foundation\Http\Kernel.php(167): Igniter\Flame\Router\CoreRouter->dispatch(Object(Illuminate\Http\Request))
#33 C:\Users\Akshay ffb\Desktop\Freelance\restaurant\vendor\laravel\framework\src\Illuminate\Pipeline\Pipeline.php(128): Illuminate\Foundation\Http\Kernel->Illuminate\Foundation\Http\{closure}(Object(Illuminate\Http\Request))
#34 C:\Users\Akshay ffb\Desktop\Freelance\restaurant\vendor\tastyigniter\flame\src\Setting\Middleware\SaveSetting.php(27): Illuminate\Pipeline\Pipeline->Illuminate\Pipeline\{closure}(Object(Illuminate\Http\Request))
#35 C:\Users\Akshay ffb\Desktop\Freelance\restaurant\vendor\laravel\framework\src\Illuminate\Pipeline\Pipeline.php(167): Igniter\Flame\Setting\Middleware\SaveSetting->handle(Object(Illuminate\Http\Request), Object(Closure))
#36 C:\Users\Akshay ffb\Desktop\Freelance\restaurant\vendor\laravel\framework\src\Illuminate\Foundation\Http\Middleware\TransformsRequest.php(21): Illuminate\Pipeline\Pipeline->Illuminate\Pipeline\{closure}(Object(Illuminate\Http\Request))
#37 C:\Users\Akshay ffb\Desktop\Freelance\restaurant\vendor\laravel\framework\src\Illuminate\Foundation\Http\Middleware\TrimStrings.php(40): Illuminate\Foundation\Http\Middleware\TransformsRequest->handle(Object(Illuminate\Http\Request), Object(Closure))
#38 C:\Users\Akshay ffb\Desktop\Freelance\restaurant\vendor\laravel\framework\src\Illuminate\Pipeline\Pipeline.php(167): Illuminate\Foundation\Http\Middleware\TrimStrings->handle(Object(Illuminate\Http\Request), Object(Closure))
#39 C:\Users\Akshay ffb\Desktop\Freelance\restaurant\vendor\laravel\framework\src\Illuminate\Foundation\Http\Middleware\ValidatePostSize.php(27): Illuminate\Pipeline\Pipeline->Illuminate\Pipeline\{closure}(Object(Illuminate\Http\Request))
#40 C:\Users\Akshay ffb\Desktop\Freelance\restaurant\vendor\laravel\framework\src\Illuminate\Pipeline\Pipeline.php(167): Illuminate\Foundation\Http\Middleware\ValidatePostSize->handle(Object(Illuminate\Http\Request), Object(Closure))
#41 C:\Users\Akshay ffb\Desktop\Freelance\restaurant\vendor\laravel\framework\src\Illuminate\Foundation\Http\Middleware\PreventRequestsDuringMaintenance.php(86): Illuminate\Pipeline\Pipeline->Illuminate\Pipeline\{closure}(Object(Illuminate\Http\Request))
#42 C:\Users\Akshay ffb\Desktop\Freelance\restaurant\vendor\laravel\framework\src\Illuminate\Pipeline\Pipeline.php(167): Illuminate\Foundation\Http\Middleware\PreventRequestsDuringMaintenance->handle(Object(Illuminate\Http\Request), Object(Closure))
#43 C:\Users\Akshay ffb\Desktop\Freelance\restaurant\vendor\fruitcake\laravel-cors\src\HandleCors.php(38): Illuminate\Pipeline\Pipeline->Illuminate\Pipeline\{closure}(Object(Illuminate\Http\Request))
#44 C:\Users\Akshay ffb\Desktop\Freelance\restaurant\vendor\laravel\framework\src\Illuminate\Pipeline\Pipeline.php(167): Fruitcake\Cors\HandleCors->handle(Object(Illuminate\Http\Request), Object(Closure))
#45 C:\Users\Akshay ffb\Desktop\Freelance\restaurant\vendor\fideloper\proxy\src\TrustProxies.php(57): Illuminate\Pipeline\Pipeline->Illuminate\Pipeline\{closure}(Object(Illuminate\Http\Request))
#46 C:\Users\Akshay ffb\Desktop\Freelance\restaurant\vendor\laravel\framework\src\Illuminate\Pipeline\Pipeline.php(167): Fideloper\Proxy\TrustProxies->handle(Object(Illuminate\Http\Request), Object(Closure))
#47 C:\Users\Akshay ffb\Desktop\Freelance\restaurant\vendor\laravel\framework\src\Illuminate\Pipeline\Pipeline.php(103): Illuminate\Pipeline\Pipeline->Illuminate\Pipeline\{closure}(Object(Illuminate\Http\Request))
#48 C:\Users\Akshay ffb\Desktop\Freelance\restaurant\vendor\laravel\framework\src\Illuminate\Foundation\Http\Kernel.php(142): Illuminate\Pipeline\Pipeline->then(Object(Closure))
#49 C:\Users\Akshay ffb\Desktop\Freelance\restaurant\vendor\laravel\framework\src\Illuminate\Foundation\Http\Kernel.php(111): Illuminate\Foundation\Http\Kernel->sendRequestThroughRouter(Object(Illuminate\Http\Request))
#50 C:\Users\Akshay ffb\Desktop\Freelance\restaurant\index.php(52): Illuminate\Foundation\Http\Kernel->handle(Object(Illuminate\Http\Request))
#51 C:\Users\Akshay ffb\Desktop\Freelance\restaurant\server.php(21): require_once('C:\\Users\\Akshay...')
#52 {main}  
